明文： this is test

-----产生素数-----
素数p：29470009
素数q：9345079
公钥为： (34824817656785, 275399562235711)  私钥为： (219716064945329, 275399562235711)

-----加密、解密操作-----
公钥加密： (34824817656785, 275399562235711)  . . .
加密序列表示为:  [116, 104, 105, 115, 32, 105, 115, 32, 116, 101, 115, 116]
加密结果：
178481678435110268111654485399243721054380143171252160462287135165982469985243721054380143171252160462287135165982469985178481678435110721666519547171252160462287178481678435110

私钥解密： (219716064945329, 275399562235711)  . . .
解密序列表示为:  [116, 104, 105, 115, 32, 105, 115, 32, 116, 101, 115, 116]
解密结果：this is test
时间戳：1495110205041

-----数字签名操作-----
私钥加密： (219716064945329, 275399562235711)  . . .
加密序列表示为:  [52, 102, 57, 99, 51, 54, 51, 51, 101, 56, 56, 53, 57, 98, 98, 101, 55, 52, 49, 49, 52, 99, 52, 102, 56, 50, 97, 97, 50, 51, 97, 100, 97, 57, 48, 100, 99, 57, 97, 55, 98, 53, 57, 54, 52, 51, 102, 100, 51, 54, 52, 53, 49, 50, 51, 57, 101, 101, 49, 49, 54, 51, 101, 97]
加密结果：
114331027408505131564361129551142121506844643659581200986233563885991141519286032801956235638859911415356388599114159062917966109918428439658310618428439658310696011181665330142121506844643217489290654618217489290654618906291796610994113688181260411433102740850525293554793796425293554793796411433102740850565958120098623114331027408505131564361129551184284396583106137282468610508181008464799283181008464799283137282468610508356388599114151810084647992832649717364896991810084647992831421215068446431931562932209832649717364896996595812009862314212150684464318100846479928341136881812604217489290654618960111816653301421215068446431928603280195621143310274085053563885991141513156436112955126497173648969935638859911415192860328019562114331027408505960111816653302529355479379641372824686105083563885991141514212150684464390629179661099906291796610992529355479379642529355479379641928603280195623563885991141590629179661099181008464799283

公钥解密： (34824817656785, 275399562235711)  . . .
解密序列表示为:  [52, 102, 57, 99, 51, 54, 51, 51, 101, 56, 56, 53, 57, 98, 98, 101, 55, 52, 49, 49, 52, 99, 52, 102, 56, 50, 97, 97, 50, 51, 97, 100, 97, 57, 48, 100, 99, 57, 97, 55, 98, 53, 57, 54, 52, 51, 102, 100, 51, 54, 52, 53, 49, 50, 51, 57, 101, 101, 49, 49, 54, 51, 101, 97]
解密结果：
4f9c3633e8859bbe74114c4f82aa23ada90dc9a7b59643fd36451239ee1163ea
时间戳：1495110205043

正在进行检验. . .
检验成功: 
4f9c3633e8859bbe74114c4f82aa23ada90dc9a7b59643fd36451239ee1163ea  =  4f9c3633e8859bbe74114c4f82aa23ada90dc9a7b59643fd36451239ee1163ea
